{
  "RSpec": {
    "coverage": {
      "/Users/Shared/Dropbox/wdi/august_2013/WDI_Curriculum/Week_01/comprehensive_labs/animal_shelter/solution/animal.rb": [
        null,
        1,
        null,
        null,
        null,
        1,
        null,
        null,
        null,
        null,
        1,
        4,
        4,
        4,
        4,
        4,
        null,
        null,
        null,
        null,
        1,
        3,
        null,
        null
      ],
      "/Users/Shared/Dropbox/wdi/august_2013/WDI_Curriculum/Week_01/comprehensive_labs/animal_shelter/solution/shelter.rb": [
        1,
        1,
        null,
        1,
        5,
        5,
        5,
        5,
        null,
        null,
        1,
        0,
        null,
        null,
        1,
        1,
        null,
        null,
        1,
        1,
        null,
        null
      ],
      "/Users/Shared/Dropbox/wdi/august_2013/WDI_Curriculum/Week_01/comprehensive_labs/animal_shelter/solution/person.rb": [
        1,
        1,
        null,
        1,
        4,
        4,
        4,
        4,
        4,
        null,
        null,
        1,
        1,
        null,
        null,
        1,
        2,
        null,
        null
      ],
      "/Users/Shared/Dropbox/wdi/august_2013/WDI_Curriculum/Week_01/comprehensive_labs/animal_shelter/solution/spec/person_spec.rb": [
        1,
        null,
        1,
        null,
        1,
        3,
        null,
        null,
        1,
        1,
        1,
        null,
        null,
        null,
        1,
        1,
        1,
        null,
        null,
        null,
        1,
        1,
        1,
        1,
        1,
        1,
        1,
        null,
        null,
        null,
        null
      ],
      "/Users/Shared/Dropbox/wdi/august_2013/WDI_Curriculum/Week_01/comprehensive_labs/animal_shelter/solution/spec/shelter_spec.rb": [
        1,
        null,
        1,
        null,
        1,
        5,
        null,
        null,
        1,
        1,
        1,
        null,
        null,
        null,
        1,
        1,
        1,
        null,
        null,
        null,
        1,
        1,
        null,
        null,
        null,
        1,
        1,
        1,
        1,
        1,
        null,
        null,
        null,
        1,
        1,
        null,
        null,
        null,
        null
      ]
    },
    "timestamp": 1378214468
  }
}
